  main.cpp
C:\Users\deich\git\OCRImageOptimizerApp\cOMS\Image\Skew.h(40,33): warning C4244: 'initializing': conversion from 'double' to 'float', possible loss of data
C:\Users\deich\git\OCRImageOptimizerApp\cOMS\Image\Skew.h(49,57): warning C4804: '<': unsafe use of type 'bool' in operation
C:\Users\deich\git\OCRImageOptimizerApp\cOMS\Image\Skew.h(68,32): warning C4244: 'initializing': conversion from 'double' to 'float', possible loss of data
C:\Users\deich\git\OCRImageOptimizerApp\cOMS\Image\Skew.h(85,93): warning C4244: 'argument': conversion from 'int' to '_Tp', possible loss of data
          with
          [
              _Tp=float
          ]
C:\Users\deich\git\OCRImageOptimizerApp\cOMS\Image\Skew.h(85,77): warning C4244: 'argument': conversion from 'int' to '_Tp', possible loss of data
          with
          [
              _Tp=float
          ]
C:\Users\deich\git\OCRImageOptimizerApp\cOMS\Image\ImageUtils.h(24,26): warning C4244: 'initializing': conversion from 'double' to 'float', possible loss of data
C:\Users\deich\git\OCRImageOptimizerApp\cOMS\Image\ImageUtils.h(25,26): warning C4244: 'initializing': conversion from 'double' to 'float', possible loss of data
C:\Users\deich\git\OCRImageOptimizerApp\cOMS\Image\ImageUtils.h(26,26): warning C4244: 'initializing': conversion from 'double' to 'float', possible loss of data
C:\Users\deich\git\OCRImageOptimizerApp\cOMS\Image\ImageUtils.h(28,26): warning C4244: 'initializing': conversion from 'double' to 'float', possible loss of data
C:\Users\deich\git\OCRImageOptimizerApp\cOMS\Image\ImageUtils.h(29,26): warning C4244: 'initializing': conversion from 'double' to 'float', possible loss of data
C:\Users\deich\git\OCRImageOptimizerApp\cOMS\Image\ImageUtils.h(30,26): warning C4244: 'initializing': conversion from 'double' to 'float', possible loss of data
C:\Users\deich\git\OCRImageOptimizerApp\cOMS\Image\ImageUtils.h(32,29): warning C4244: 'initializing': conversion from 'double' to 'float', possible loss of data
C:\Users\deich\git\OCRImageOptimizerApp\cOMS\Image\ImageUtils.h(33,29): warning C4244: 'initializing': conversion from 'double' to 'float', possible loss of data
C:\Users\deich\git\OCRImageOptimizerApp\cOMS\Image\ImageUtils.h(35,30): warning C4244: 'return': conversion from 'double' to 'float', possible loss of data
C:\Users\deich\git\OCRImageOptimizerApp\cOMS\Image\Thresholding.h(45,23): warning C4244: 'initializing': conversion from 'double' to 'int', possible loss of data
C:\Users\deich\git\OCRImageOptimizerApp\cOMS\Image\Thresholding.h(56,30): warning C4244: '=': conversion from 'double' to 'int', possible loss of data
C:\Users\deich\git\OCRImageOptimizerApp\cOMS\Image\Thresholding.h(57,30): warning C4244: '=': conversion from 'double' to 'int', possible loss of data
C:\Users\deich\git\OCRImageOptimizerApp\cOMS\Image\Thresholding.h(59,30): warning C4244: '=': conversion from 'double' to 'int', possible loss of data
C:\Users\deich\git\OCRImageOptimizerApp\cOMS\Image\Thresholding.h(60,30): warning C4244: '=': conversion from 'double' to 'int', possible loss of data
C:\Users\deich\git\OCRImageOptimizerApp\cOMS\Image\Kernel.h(42,5): warning C4305: 'initializing': truncation from 'double' to 'const float'
  Generating code
  0 of 312 functions ( 0.0%) were compiled, the rest were copied from previous compilation.
    0 functions were new in current compilation
    0 functions had inline decision re-evaluated but remain unchanged
  Finished generating code
  OCRImageOptimizerApp.vcxproj -> C:\Users\deich\git\OCRImageOptimizerApp\bin\x64\Release\OCRImageOptimizerApp.exe
